{"contracts\\PublicationRegistry.sol":{"l":{"28":126,"29":1,"32":125,"34":125,"40":125,"49":40,"50":2,"52":38},"path":"D:\\TFG-NewsEra\\NewsEra\\blockchain\\contracts\\PublicationRegistry.sol","s":{"1":126,"2":125,"3":125,"4":40,"5":38},"b":{"1":[1,125],"2":[2,38]},"f":{"1":126,"2":40},"fnMap":{"1":{"name":"registerPublication","line":27,"loc":{"start":{"line":27,"column":4},"end":{"line":41,"column":4}}},"2":{"name":"getPublication","line":44,"loc":{"start":{"line":44,"column":4},"end":{"line":53,"column":4}}}},"statementMap":{"1":{"start":{"line":28,"column":8},"end":{"line":28,"column":1011}},"2":{"start":{"line":32,"column":8},"end":{"line":32,"column":43}},"3":{"start":{"line":40,"column":8},"end":{"line":40,"column":63}},"4":{"start":{"line":49,"column":8},"end":{"line":49,"column":1620}},"5":{"start":{"line":52,"column":8},"end":{"line":52,"column":40}}},"branchMap":{"1":{"line":28,"type":"if","locations":[{"start":{"line":28,"column":8},"end":{"line":28,"column":8}},{"start":{"line":28,"column":8},"end":{"line":28,"column":8}}]},"2":{"line":49,"type":"if","locations":[{"start":{"line":49,"column":8},"end":{"line":49,"column":8}},{"start":{"line":49,"column":8},"end":{"line":49,"column":8}}]}}},"contracts\\ReputationSystem.sol":{"l":{"26":75,"32":779,"33":778,"34":778,"35":778,"41":193,"42":193,"48":17,"49":17,"50":17,"54":51,"58":284,"62":7},"path":"D:\\TFG-NewsEra\\NewsEra\\blockchain\\contracts\\ReputationSystem.sol","s":{"1":75,"2":779,"3":778,"4":193,"5":17,"6":17,"7":51,"8":284,"9":7},"b":{"1":[779,1],"2":[1,778],"3":[193,1],"4":[17,1],"5":[13,4]},"f":{"1":75,"2":779,"3":193,"4":17,"5":51,"6":284,"7":7},"fnMap":{"1":{"name":"constructor","line":25,"loc":{"start":{"line":25,"column":4},"end":{"line":27,"column":4}}},"2":{"name":"registerValidator","line":30,"loc":{"start":{"line":29,"column":4},"end":{"line":36,"column":4}}},"3":{"name":"increaseReputation","line":39,"loc":{"start":{"line":38,"column":4},"end":{"line":43,"column":4}}},"4":{"name":"decreaseReputation","line":46,"loc":{"start":{"line":45,"column":4},"end":{"line":51,"column":4}}},"5":{"name":"getReputation","line":53,"loc":{"start":{"line":53,"column":4},"end":{"line":55,"column":4}}},"6":{"name":"canValidate","line":57,"loc":{"start":{"line":57,"column":4},"end":{"line":59,"column":4}}},"7":{"name":"isRegisteredValidator","line":61,"loc":{"start":{"line":61,"column":4},"end":{"line":63,"column":4}}}},"statementMap":{"1":{"start":{"line":26,"column":8},"end":{"line":26,"column":49}},"2":{"start":{"line":32,"column":8},"end":{"line":32,"column":80}},"3":{"start":{"line":35,"column":8},"end":{"line":35,"column":66}},"4":{"start":{"line":42,"column":8},"end":{"line":42,"column":71}},"5":{"start":{"line":48,"column":8},"end":{"line":48,"column":48}},"6":{"start":{"line":50,"column":8},"end":{"line":50,"column":72}},"7":{"start":{"line":54,"column":8},"end":{"line":54,"column":37}},"8":{"start":{"line":58,"column":8},"end":{"line":58,"column":67}},"9":{"start":{"line":62,"column":8},"end":{"line":62,"column":37}}},"branchMap":{"1":{"line":30,"type":"if","locations":[{"start":{"line":30,"column":17},"end":{"line":30,"column":17}},{"start":{"line":30,"column":17},"end":{"line":30,"column":17}}]},"2":{"line":32,"type":"if","locations":[{"start":{"line":32,"column":8},"end":{"line":32,"column":8}},{"start":{"line":32,"column":8},"end":{"line":32,"column":8}}]},"3":{"line":39,"type":"if","locations":[{"start":{"line":39,"column":17},"end":{"line":39,"column":17}},{"start":{"line":39,"column":17},"end":{"line":39,"column":17}}]},"4":{"line":46,"type":"if","locations":[{"start":{"line":46,"column":17},"end":{"line":46,"column":17}},{"start":{"line":46,"column":17},"end":{"line":46,"column":17}}]},"5":{"line":49,"type":"if","locations":[{"start":{"line":49,"column":52},"end":{"line":49,"column":67}},{"start":{"line":49,"column":71},"end":{"line":49,"column":71}}]}}},"contracts\\ValidationRegistry.sol":{"l":{"125":58,"126":58,"127":58,"128":58,"129":58,"137":214,"138":3,"139":211,"140":7,"141":204,"142":1,"144":203,"145":203,"147":203,"148":203,"149":203,"150":203,"151":203,"152":203,"154":203,"155":203,"166":20,"167":1,"168":19,"169":2,"170":17,"171":1,"173":16,"174":16,"176":16,"177":16,"178":16,"180":16,"191":49,"192":49,"193":1,"194":48,"195":1,"196":47,"197":1,"198":46,"199":1,"201":45,"202":45,"203":45,"205":45,"206":14,"207":14,"208":14,"209":14,"223":10,"224":1,"226":9,"227":9,"228":9,"229":9,"231":9,"232":2,"234":7,"235":7,"239":7,"240":7,"241":7,"243":7,"244":10,"245":10,"247":10,"249":10,"250":7,"251":6,"252":6,"253":6,"255":0,"256":0,"257":0,"261":3,"262":3,"263":3,"264":3,"266":0,"267":0,"268":0,"273":7,"274":7,"277":7,"279":7,"287":203,"289":60,"290":60,"291":60,"292":60,"294":60,"295":60,"296":60,"304":60,"305":60,"307":60,"309":46,"310":46,"312":46,"313":46,"314":146,"315":142,"317":4,"320":46,"321":46,"322":13,"323":12,"325":1,"328":46,"329":35,"330":35,"331":35,"332":31,"334":3,"336":1,"341":14,"342":14,"354":1,"361":1,"368":2},"path":"D:\\TFG-NewsEra\\NewsEra\\blockchain\\contracts\\ValidationRegistry.sol","s":{"1":214,"2":211,"3":204,"4":203,"5":203,"6":203,"7":203,"8":203,"9":20,"10":19,"11":17,"12":16,"13":16,"14":16,"15":16,"16":49,"17":49,"18":48,"19":47,"20":46,"21":45,"22":45,"23":45,"24":14,"25":14,"26":10,"27":9,"28":9,"29":9,"30":9,"31":9,"32":7,"33":7,"34":7,"35":7,"36":7,"37":7,"38":10,"39":10,"40":10,"41":10,"42":7,"43":6,"44":1,"45":0,"46":3,"47":3,"48":0,"49":0,"50":7,"51":203,"52":143,"53":60,"54":60,"55":60,"56":60,"57":60,"58":60,"59":60,"60":8,"61":60,"62":60,"63":60,"64":46,"65":46,"66":46,"67":146,"68":142,"69":4,"70":46,"71":46,"72":13,"73":12,"74":1,"75":46,"76":35,"77":35,"78":31,"79":4,"80":3,"81":1,"82":14,"83":1,"84":1,"85":2},"b":{"1":[3,211],"2":[7,204],"3":[1,203],"4":[1,0],"5":[1,19],"6":[2,17],"7":[1,16],"8":[0,1],"9":[1,48],"10":[1,47],"11":[1,46],"12":[1,45],"13":[14,31],"14":[1,9],"15":[8,1],"16":[2,7],"17":[0,10],"18":[0,0],"19":[7,3],"20":[6,1],"21":[0,1],"22":[3,0],"23":[0,0],"24":[143,60],"25":[52,8],"26":[5,3],"27":[46,14],"28":[142,4],"29":[12,1],"30":[35,11],"31":[31,4],"32":[3,1]},"f":{"1":58,"2":214,"3":20,"4":49,"5":10,"6":203,"7":1,"8":1,"9":2},"fnMap":{"1":{"name":"constructor","line":118,"loc":{"start":{"line":118,"column":4},"end":{"line":130,"column":4}}},"2":{"name":"submitValidation","line":136,"loc":{"start":{"line":136,"column":4},"end":{"line":156,"column":4}}},"3":{"name":"submitPrediction","line":165,"loc":{"start":{"line":165,"column":4},"end":{"line":181,"column":4}}},"4":{"name":"requestReopen","line":190,"loc":{"start":{"line":190,"column":4},"end":{"line":211,"column":4}}},"5":{"name":"claimRetroactiveReputation","line":222,"loc":{"start":{"line":222,"column":4},"end":{"line":280,"column":4}}},"6":{"name":"_checkConsensus","line":286,"loc":{"start":{"line":286,"column":4},"end":{"line":344,"column":4}}},"7":{"name":"getVote","line":350,"loc":{"start":{"line":350,"column":4},"end":{"line":355,"column":4}}},"8":{"name":"getRoundVoters","line":357,"loc":{"start":{"line":357,"column":4},"end":{"line":362,"column":4}}},"9":{"name":"hasVoted","line":364,"loc":{"start":{"line":364,"column":4},"end":{"line":369,"column":4}}}},"statementMap":{"1":{"start":{"line":137,"column":8},"end":{"line":137,"column":5631}},"2":{"start":{"line":139,"column":8},"end":{"line":139,"column":5753}},"3":{"start":{"line":141,"column":8},"end":{"line":141,"column":5870}},"4":{"start":{"line":144,"column":8},"end":{"line":144,"column":42}},"5":{"start":{"line":145,"column":8},"end":{"line":145,"column":53}},"6":{"start":{"line":150,"column":8},"end":{"line":150,"column":56}},"7":{"start":{"line":154,"column":8},"end":{"line":154,"column":70}},"8":{"start":{"line":155,"column":8},"end":{"line":155,"column":42}},"9":{"start":{"line":166,"column":8},"end":{"line":166,"column":7107}},"10":{"start":{"line":168,"column":8},"end":{"line":168,"column":7231}},"11":{"start":{"line":170,"column":8},"end":{"line":170,"column":7347}},"12":{"start":{"line":173,"column":8},"end":{"line":173,"column":42}},"13":{"start":{"line":174,"column":8},"end":{"line":174,"column":53}},"14":{"start":{"line":178,"column":8},"end":{"line":178,"column":60}},"15":{"start":{"line":180,"column":8},"end":{"line":180,"column":70}},"16":{"start":{"line":191,"column":8},"end":{"line":191,"column":58}},"17":{"start":{"line":192,"column":8},"end":{"line":192,"column":8378}},"18":{"start":{"line":194,"column":8},"end":{"line":194,"column":8524}},"19":{"start":{"line":196,"column":8},"end":{"line":196,"column":8640}},"20":{"start":{"line":198,"column":8},"end":{"line":198,"column":8752}},"21":{"start":{"line":202,"column":8},"end":{"line":202,"column":57}},"22":{"start":{"line":203,"column":8},"end":{"line":203,"column":60}},"23":{"start":{"line":205,"column":8},"end":{"line":205,"column":9000}},"24":{"start":{"line":207,"column":12},"end":{"line":207,"column":58}},"25":{"start":{"line":209,"column":12},"end":{"line":209,"column":54}},"26":{"start":{"line":223,"column":8},"end":{"line":223,"column":10023}},"27":{"start":{"line":226,"column":8},"end":{"line":226,"column":65}},"28":{"start":{"line":227,"column":8},"end":{"line":227,"column":55}},"29":{"start":{"line":228,"column":8},"end":{"line":228,"column":70}},"30":{"start":{"line":229,"column":8},"end":{"line":229,"column":53}},"31":{"start":{"line":231,"column":8},"end":{"line":231,"column":10385}},"32":{"start":{"line":234,"column":8},"end":{"line":234,"column":61}},"33":{"start":{"line":235,"column":8},"end":{"line":235,"column":10560}},"34":{"start":{"line":239,"column":8},"end":{"line":239,"column":65}},"35":{"start":{"line":240,"column":8},"end":{"line":240,"column":65}},"36":{"start":{"line":241,"column":8},"end":{"line":241,"column":27}},"37":{"start":{"line":243,"column":8},"end":{"line":243,"column":10848}},"38":{"start":{"line":244,"column":12},"end":{"line":244,"column":57}},"39":{"start":{"line":245,"column":12},"end":{"line":245,"column":80}},"40":{"start":{"line":247,"column":12},"end":{"line":247,"column":52}},"41":{"start":{"line":249,"column":12},"end":{"line":249,"column":11115}},"42":{"start":{"line":250,"column":16},"end":{"line":250,"column":11151}},"43":{"start":{"line":251,"column":20},"end":{"line":251,"column":85}},"44":{"start":{"line":254,"column":23},"end":{"line":254,"column":11394}},"45":{"start":{"line":255,"column":20},"end":{"line":255,"column":85}},"46":{"start":{"line":261,"column":16},"end":{"line":261,"column":11701}},"47":{"start":{"line":262,"column":20},"end":{"line":262,"column":85}},"48":{"start":{"line":265,"column":23},"end":{"line":265,"column":11944}},"49":{"start":{"line":266,"column":20},"end":{"line":266,"column":85}},"50":{"start":{"line":279,"column":8},"end":{"line":279,"column":61}},"51":{"start":{"line":287,"column":8},"end":{"line":287,"column":72}},"52":{"start":{"line":287,"column":66},"end":{"line":287,"column":72}},"53":{"start":{"line":289,"column":8},"end":{"line":289,"column":76}},"54":{"start":{"line":290,"column":8},"end":{"line":290,"column":77}},"55":{"start":{"line":291,"column":8},"end":{"line":291,"column":84}},"56":{"start":{"line":292,"column":8},"end":{"line":292,"column":59}},"57":{"start":{"line":294,"column":8},"end":{"line":294,"column":23}},"58":{"start":{"line":295,"column":8},"end":{"line":295,"column":28}},"59":{"start":{"line":296,"column":8},"end":{"line":296,"column":13315}},"60":{"start":{"line":298,"column":15},"end":{"line":298,"column":13437}},"61":{"start":{"line":304,"column":8},"end":{"line":304,"column":58}},"62":{"start":{"line":305,"column":8},"end":{"line":305,"column":57}},"63":{"start":{"line":307,"column":8},"end":{"line":307,"column":13768}},"64":{"start":{"line":310,"column":12},"end":{"line":310,"column":102}},"65":{"start":{"line":312,"column":12},"end":{"line":312,"column":71}},"66":{"start":{"line":313,"column":12},"end":{"line":313,"column":14159}},"67":{"start":{"line":314,"column":16},"end":{"line":314,"column":14291}},"68":{"start":{"line":315,"column":20},"end":{"line":315,"column":84}},"69":{"start":{"line":317,"column":20},"end":{"line":317,"column":85}},"70":{"start":{"line":320,"column":12},"end":{"line":320,"column":79}},"71":{"start":{"line":321,"column":12},"end":{"line":321,"column":14566}},"72":{"start":{"line":322,"column":16},"end":{"line":322,"column":14706}},"73":{"start":{"line":323,"column":20},"end":{"line":323,"column":88}},"74":{"start":{"line":325,"column":20},"end":{"line":325,"column":89}},"75":{"start":{"line":328,"column":12},"end":{"line":328,"column":14914}},"76":{"start":{"line":330,"column":16},"end":{"line":330,"column":87}},"77":{"start":{"line":331,"column":16},"end":{"line":331,"column":15113}},"78":{"start":{"line":332,"column":20},"end":{"line":332,"column":89}},"79":{"start":{"line":333,"column":23},"end":{"line":333,"column":15259}},"80":{"start":{"line":334,"column":20},"end":{"line":334,"column":103}},"81":{"start":{"line":336,"column":20},"end":{"line":336,"column":96}},"82":{"start":{"line":342,"column":12},"end":{"line":342,"column":100}},"83":{"start":{"line":354,"column":8},"end":{"line":354,"column":82}},"84":{"start":{"line":361,"column":8},"end":{"line":361,"column":47}},"85":{"start":{"line":368,"column":8},"end":{"line":368,"column":48}}},"branchMap":{"1":{"line":137,"type":"if","locations":[{"start":{"line":137,"column":8},"end":{"line":137,"column":8}},{"start":{"line":137,"column":8},"end":{"line":137,"column":8}}]},"2":{"line":139,"type":"if","locations":[{"start":{"line":139,"column":8},"end":{"line":139,"column":8}},{"start":{"line":139,"column":8},"end":{"line":139,"column":8}}]},"3":{"line":141,"type":"if","locations":[{"start":{"line":141,"column":8},"end":{"line":141,"column":8}},{"start":{"line":141,"column":8},"end":{"line":141,"column":8}}]},"4":{"line":141,"type":"cond-expr","locations":[{"start":{"line":141,"column":12},"end":{"line":141,"column":45}},{"start":{"line":141,"column":50},"end":{"line":141,"column":87}}]},"5":{"line":166,"type":"if","locations":[{"start":{"line":166,"column":8},"end":{"line":166,"column":8}},{"start":{"line":166,"column":8},"end":{"line":166,"column":8}}]},"6":{"line":168,"type":"if","locations":[{"start":{"line":168,"column":8},"end":{"line":168,"column":8}},{"start":{"line":168,"column":8},"end":{"line":168,"column":8}}]},"7":{"line":170,"type":"if","locations":[{"start":{"line":170,"column":8},"end":{"line":170,"column":8}},{"start":{"line":170,"column":8},"end":{"line":170,"column":8}}]},"8":{"line":170,"type":"cond-expr","locations":[{"start":{"line":170,"column":12},"end":{"line":170,"column":45}},{"start":{"line":170,"column":50},"end":{"line":170,"column":87}}]},"9":{"line":192,"type":"if","locations":[{"start":{"line":192,"column":8},"end":{"line":192,"column":8}},{"start":{"line":192,"column":8},"end":{"line":192,"column":8}}]},"10":{"line":194,"type":"if","locations":[{"start":{"line":194,"column":8},"end":{"line":194,"column":8}},{"start":{"line":194,"column":8},"end":{"line":194,"column":8}}]},"11":{"line":196,"type":"if","locations":[{"start":{"line":196,"column":8},"end":{"line":196,"column":8}},{"start":{"line":196,"column":8},"end":{"line":196,"column":8}}]},"12":{"line":198,"type":"if","locations":[{"start":{"line":198,"column":8},"end":{"line":198,"column":8}},{"start":{"line":198,"column":8},"end":{"line":198,"column":8}}]},"13":{"line":205,"type":"if","locations":[{"start":{"line":205,"column":8},"end":{"line":205,"column":8}},{"start":{"line":205,"column":8},"end":{"line":205,"column":8}}]},"14":{"line":223,"type":"if","locations":[{"start":{"line":223,"column":8},"end":{"line":223,"column":8}},{"start":{"line":223,"column":8},"end":{"line":223,"column":8}}]},"15":{"line":229,"type":"if","locations":[{"start":{"line":229,"column":8},"end":{"line":229,"column":8}},{"start":{"line":229,"column":8},"end":{"line":229,"column":8}}]},"16":{"line":231,"type":"if","locations":[{"start":{"line":231,"column":8},"end":{"line":231,"column":8}},{"start":{"line":231,"column":8},"end":{"line":231,"column":8}}]},"17":{"line":245,"type":"if","locations":[{"start":{"line":245,"column":12},"end":{"line":245,"column":12}},{"start":{"line":245,"column":12},"end":{"line":245,"column":12}}]},"18":{"line":245,"type":"cond-expr","locations":[{"start":{"line":245,"column":16},"end":{"line":245,"column":28}},{"start":{"line":245,"column":33},"end":{"line":245,"column":69}}]},"19":{"line":249,"type":"if","locations":[{"start":{"line":249,"column":12},"end":{"line":249,"column":12}},{"start":{"line":249,"column":12},"end":{"line":249,"column":12}}]},"20":{"line":250,"type":"if","locations":[{"start":{"line":250,"column":16},"end":{"line":250,"column":16}},{"start":{"line":250,"column":16},"end":{"line":250,"column":16}}]},"21":{"line":254,"type":"if","locations":[{"start":{"line":254,"column":23},"end":{"line":254,"column":23}},{"start":{"line":254,"column":23},"end":{"line":254,"column":23}}]},"22":{"line":261,"type":"if","locations":[{"start":{"line":261,"column":16},"end":{"line":261,"column":16}},{"start":{"line":261,"column":16},"end":{"line":261,"column":16}}]},"23":{"line":265,"type":"if","locations":[{"start":{"line":265,"column":23},"end":{"line":265,"column":23}},{"start":{"line":265,"column":23},"end":{"line":265,"column":23}}]},"24":{"line":287,"type":"if","locations":[{"start":{"line":287,"column":8},"end":{"line":287,"column":8}},{"start":{"line":287,"column":8},"end":{"line":287,"column":8}}]},"25":{"line":296,"type":"if","locations":[{"start":{"line":296,"column":8},"end":{"line":296,"column":8}},{"start":{"line":296,"column":8},"end":{"line":296,"column":8}}]},"26":{"line":298,"type":"if","locations":[{"start":{"line":298,"column":15},"end":{"line":298,"column":15}},{"start":{"line":298,"column":15},"end":{"line":298,"column":15}}]},"27":{"line":307,"type":"if","locations":[{"start":{"line":307,"column":8},"end":{"line":307,"column":8}},{"start":{"line":307,"column":8},"end":{"line":307,"column":8}}]},"28":{"line":314,"type":"if","locations":[{"start":{"line":314,"column":16},"end":{"line":314,"column":16}},{"start":{"line":314,"column":16},"end":{"line":314,"column":16}}]},"29":{"line":322,"type":"if","locations":[{"start":{"line":322,"column":16},"end":{"line":322,"column":16}},{"start":{"line":322,"column":16},"end":{"line":322,"column":16}}]},"30":{"line":328,"type":"if","locations":[{"start":{"line":328,"column":12},"end":{"line":328,"column":12}},{"start":{"line":328,"column":12},"end":{"line":328,"column":12}}]},"31":{"line":331,"type":"if","locations":[{"start":{"line":331,"column":16},"end":{"line":331,"column":16}},{"start":{"line":331,"column":16},"end":{"line":331,"column":16}}]},"32":{"line":333,"type":"if","locations":[{"start":{"line":333,"column":23},"end":{"line":333,"column":23}},{"start":{"line":333,"column":23},"end":{"line":333,"column":23}}]}}}}