{"contracts\\PublicationRegistry.sol":{"l":{"28":9,"29":1,"32":8,"34":8,"40":8,"49":4,"50":2,"52":2},"path":"D:\\TFG-NewsEra\\NewsEra\\blockchain\\contracts\\PublicationRegistry.sol","s":{"1":9,"2":8,"3":8,"4":4,"5":2},"b":{"1":[1,8],"2":[2,2]},"f":{"1":9,"2":4},"fnMap":{"1":{"name":"registerPublication","line":27,"loc":{"start":{"line":27,"column":4},"end":{"line":41,"column":4}}},"2":{"name":"getPublication","line":44,"loc":{"start":{"line":44,"column":4},"end":{"line":53,"column":4}}}},"statementMap":{"1":{"start":{"line":28,"column":8},"end":{"line":28,"column":984}},"2":{"start":{"line":32,"column":8},"end":{"line":32,"column":43}},"3":{"start":{"line":40,"column":8},"end":{"line":40,"column":63}},"4":{"start":{"line":49,"column":8},"end":{"line":49,"column":1572}},"5":{"start":{"line":52,"column":8},"end":{"line":52,"column":40}}},"branchMap":{"1":{"line":28,"type":"if","locations":[{"start":{"line":28,"column":8},"end":{"line":28,"column":8}},{"start":{"line":28,"column":8},"end":{"line":28,"column":8}}]},"2":{"line":49,"type":"if","locations":[{"start":{"line":49,"column":8},"end":{"line":49,"column":8}},{"start":{"line":49,"column":8},"end":{"line":49,"column":8}}]}}},"contracts\\ReputationSystem.sol":{"l":{"26":42,"32":177,"33":176,"34":176,"35":176,"41":26,"42":26,"48":8,"49":8,"50":8,"54":28,"58":61,"62":3},"path":"D:\\TFG-NewsEra\\NewsEra\\blockchain\\contracts\\ReputationSystem.sol","s":{"1":42,"2":177,"3":176,"4":26,"5":8,"6":8,"7":28,"8":61,"9":3},"b":{"1":[177,1],"2":[1,176],"3":[26,1],"4":[8,1],"5":[6,2]},"f":{"1":42,"2":177,"3":26,"4":8,"5":28,"6":61,"7":3},"fnMap":{"1":{"name":"constructor","line":25,"loc":{"start":{"line":25,"column":4},"end":{"line":27,"column":4}}},"2":{"name":"registerValidator","line":30,"loc":{"start":{"line":29,"column":4},"end":{"line":36,"column":4}}},"3":{"name":"increaseReputation","line":39,"loc":{"start":{"line":38,"column":4},"end":{"line":43,"column":4}}},"4":{"name":"decreaseReputation","line":46,"loc":{"start":{"line":45,"column":4},"end":{"line":51,"column":4}}},"5":{"name":"getReputation","line":53,"loc":{"start":{"line":53,"column":4},"end":{"line":55,"column":4}}},"6":{"name":"canValidate","line":57,"loc":{"start":{"line":57,"column":4},"end":{"line":59,"column":4}}},"7":{"name":"isRegisteredValidator","line":61,"loc":{"start":{"line":61,"column":4},"end":{"line":63,"column":4}}}},"statementMap":{"1":{"start":{"line":26,"column":8},"end":{"line":26,"column":49}},"2":{"start":{"line":32,"column":8},"end":{"line":32,"column":80}},"3":{"start":{"line":35,"column":8},"end":{"line":35,"column":66}},"4":{"start":{"line":42,"column":8},"end":{"line":42,"column":71}},"5":{"start":{"line":48,"column":8},"end":{"line":48,"column":48}},"6":{"start":{"line":50,"column":8},"end":{"line":50,"column":72}},"7":{"start":{"line":54,"column":8},"end":{"line":54,"column":37}},"8":{"start":{"line":58,"column":8},"end":{"line":58,"column":67}},"9":{"start":{"line":62,"column":8},"end":{"line":62,"column":37}}},"branchMap":{"1":{"line":30,"type":"if","locations":[{"start":{"line":30,"column":17},"end":{"line":30,"column":17}},{"start":{"line":30,"column":17},"end":{"line":30,"column":17}}]},"2":{"line":32,"type":"if","locations":[{"start":{"line":32,"column":8},"end":{"line":32,"column":8}},{"start":{"line":32,"column":8},"end":{"line":32,"column":8}}]},"3":{"line":39,"type":"if","locations":[{"start":{"line":39,"column":17},"end":{"line":39,"column":17}},{"start":{"line":39,"column":17},"end":{"line":39,"column":17}}]},"4":{"line":46,"type":"if","locations":[{"start":{"line":46,"column":17},"end":{"line":46,"column":17}},{"start":{"line":46,"column":17},"end":{"line":46,"column":17}}]},"5":{"line":49,"type":"if","locations":[{"start":{"line":49,"column":52},"end":{"line":49,"column":67}},{"start":{"line":49,"column":71},"end":{"line":49,"column":71}}]}}},"contracts\\ValidationRegistry.sol":{"l":{"48":24,"49":24,"50":24,"54":56,"55":2,"56":54,"57":1,"58":53,"59":1,"61":52,"62":52,"63":52,"65":52,"67":52,"71":52,"72":52,"73":52,"75":12,"76":12,"77":12,"78":12,"79":43,"85":12,"86":12,"87":12,"88":9,"89":9,"91":1,"92":1,"94":2,"95":2,"98":12,"100":12,"101":7,"102":7,"103":7,"106":7,"107":27,"108":24,"110":3,"114":5,"115":5,"116":5,"124":2,"130":2},"path":"D:\\TFG-NewsEra\\NewsEra\\blockchain\\contracts\\ValidationRegistry.sol","s":{"1":56,"2":54,"3":53,"4":52,"5":52,"6":52,"7":52,"8":52,"9":52,"10":52,"11":40,"12":12,"13":12,"14":12,"15":12,"16":43,"17":20,"18":12,"19":12,"20":12,"21":3,"22":12,"23":12,"24":7,"25":7,"26":27,"27":24,"28":3,"29":5,"30":2,"31":2},"b":{"1":[2,54],"2":[1,53],"3":[1,52],"4":[40,12],"5":[23,20],"6":[10,10],"7":[9,3],"8":[1,2],"9":[7,5],"10":[24,3]},"f":{"1":24,"2":56,"3":52,"4":2,"5":2},"fnMap":{"1":{"name":"constructor","line":43,"loc":{"start":{"line":43,"column":4},"end":{"line":51,"column":4}}},"2":{"name":"submitValidation","line":53,"loc":{"start":{"line":53,"column":4},"end":{"line":68,"column":4}}},"3":{"name":"_checkConsensus","line":70,"loc":{"start":{"line":70,"column":4},"end":{"line":119,"column":4}}},"4":{"name":"getValidations","line":121,"loc":{"start":{"line":121,"column":4},"end":{"line":125,"column":4}}},"5":{"name":"hasValidated","line":127,"loc":{"start":{"line":127,"column":4},"end":{"line":131,"column":4}}}},"statementMap":{"1":{"start":{"line":54,"column":8},"end":{"line":54,"column":1992}},"2":{"start":{"line":56,"column":8},"end":{"line":56,"column":2114}},"3":{"start":{"line":58,"column":8},"end":{"line":58,"column":2231}},"4":{"start":{"line":61,"column":8},"end":{"line":61,"column":42}},"5":{"start":{"line":62,"column":8},"end":{"line":62,"column":92}},"6":{"start":{"line":65,"column":8},"end":{"line":65,"column":63}},"7":{"start":{"line":67,"column":8},"end":{"line":67,"column":35}},"8":{"start":{"line":71,"column":8},"end":{"line":71,"column":61}},"9":{"start":{"line":72,"column":8},"end":{"line":72,"column":35}},"10":{"start":{"line":73,"column":8},"end":{"line":73,"column":43}},"11":{"start":{"line":73,"column":37},"end":{"line":73,"column":43}},"12":{"start":{"line":75,"column":8},"end":{"line":75,"column":25}},"13":{"start":{"line":76,"column":8},"end":{"line":76,"column":26}},"14":{"start":{"line":77,"column":8},"end":{"line":77,"column":33}},"15":{"start":{"line":78,"column":8},"end":{"line":78,"column":2889}},"16":{"start":{"line":79,"column":12},"end":{"line":79,"column":3007}},"17":{"start":{"line":80,"column":17},"end":{"line":80,"column":3086}},"18":{"start":{"line":85,"column":8},"end":{"line":85,"column":27}},"19":{"start":{"line":86,"column":8},"end":{"line":86,"column":23}},"20":{"start":{"line":87,"column":8},"end":{"line":87,"column":3289}},"21":{"start":{"line":90,"column":15},"end":{"line":90,"column":3442}},"22":{"start":{"line":98,"column":8},"end":{"line":98,"column":58}},"23":{"start":{"line":100,"column":8},"end":{"line":100,"column":3769}},"24":{"start":{"line":103,"column":12},"end":{"line":103,"column":95}},"25":{"start":{"line":106,"column":12},"end":{"line":106,"column":4139}},"26":{"start":{"line":107,"column":16},"end":{"line":107,"column":4193}},"27":{"start":{"line":108,"column":20},"end":{"line":108,"column":92}},"28":{"start":{"line":110,"column":20},"end":{"line":110,"column":93}},"29":{"start":{"line":116,"column":12},"end":{"line":116,"column":93}},"30":{"start":{"line":124,"column":8},"end":{"line":124,"column":40}},"31":{"start":{"line":130,"column":8},"end":{"line":130,"column":48}}},"branchMap":{"1":{"line":54,"type":"if","locations":[{"start":{"line":54,"column":8},"end":{"line":54,"column":8}},{"start":{"line":54,"column":8},"end":{"line":54,"column":8}}]},"2":{"line":56,"type":"if","locations":[{"start":{"line":56,"column":8},"end":{"line":56,"column":8}},{"start":{"line":56,"column":8},"end":{"line":56,"column":8}}]},"3":{"line":58,"type":"if","locations":[{"start":{"line":58,"column":8},"end":{"line":58,"column":8}},{"start":{"line":58,"column":8},"end":{"line":58,"column":8}}]},"4":{"line":73,"type":"if","locations":[{"start":{"line":73,"column":8},"end":{"line":73,"column":8}},{"start":{"line":73,"column":8},"end":{"line":73,"column":8}}]},"5":{"line":79,"type":"if","locations":[{"start":{"line":79,"column":12},"end":{"line":79,"column":12}},{"start":{"line":79,"column":12},"end":{"line":79,"column":12}}]},"6":{"line":80,"type":"if","locations":[{"start":{"line":80,"column":17},"end":{"line":80,"column":17}},{"start":{"line":80,"column":17},"end":{"line":80,"column":17}}]},"7":{"line":87,"type":"if","locations":[{"start":{"line":87,"column":8},"end":{"line":87,"column":8}},{"start":{"line":87,"column":8},"end":{"line":87,"column":8}}]},"8":{"line":90,"type":"if","locations":[{"start":{"line":90,"column":15},"end":{"line":90,"column":15}},{"start":{"line":90,"column":15},"end":{"line":90,"column":15}}]},"9":{"line":100,"type":"if","locations":[{"start":{"line":100,"column":8},"end":{"line":100,"column":8}},{"start":{"line":100,"column":8},"end":{"line":100,"column":8}}]},"10":{"line":107,"type":"if","locations":[{"start":{"line":107,"column":16},"end":{"line":107,"column":16}},{"start":{"line":107,"column":16},"end":{"line":107,"column":16}}]}}}}